<?xml version="1.0" encoding="UTF-8"?>
<!-- Generated by org.testng.reporters.JUnitReportReporter -->
<testsuite hostname="techtrail-desktop" failures="0" tests="3" name="com.new_Xuriti_project.TC_03_C_Company_add" time="21.952" errors="0" timestamp="2022-11-05T18:18:52 IST" skipped="0">
  <testcase classname="com.new_Xuriti_project.TC_03_C_Company_add" name="User_Login" time="6.368"/>
  <system-out/>
  <testcase classname="com.new_Xuriti_project.TC_03_C_Company_add" name="new_company_create" time="11.416"/>
  <system-out/>
  <testcase classname="com.new_Xuriti_project.TC_03_C_Company_add" name="Launch_Xuriti" time="4.168"/>
  <system-out/>
</testsuite> <!-- com.new_Xuriti_project.TC_03_C_Company_add -->
