<?xml version="1.0" encoding="UTF-8"?>
<!-- Generated by org.testng.reporters.JUnitReportReporter -->
<testsuite hostname="techtrail-desktop" failures="0" tests="3" name="com.new_Xuriti_project.TC_12_L_Buyer_invoice_confirm" time="53.112" errors="0" timestamp="2022-11-03T18:08:44 IST" skipped="0">
  <testcase classname="com.new_Xuriti_project.TC_12_L_Buyer_invoice_confirm" name="User_Login" time="6.288"/>
  <system-out/>
  <testcase classname="com.new_Xuriti_project.TC_12_L_Buyer_invoice_confirm" name="Launch_Xuriti" time="27.096"/>
  <system-out/>
  <testcase classname="com.new_Xuriti_project.TC_12_L_Buyer_invoice_confirm" name="Buyer_invoice_confirm" time="19.728"/>
  <system-out/>
</testsuite> <!-- com.new_Xuriti_project.TC_12_L_Buyer_invoice_confirm -->
