<?xml version="1.0" encoding="UTF-8"?>
<!-- Generated by org.testng.reporters.JUnitReportReporter -->
<testsuite hostname="techtrail-desktop" failures="0" tests="3" name="com.new_Xuriti_project.TC_07_G_Nbfc_add" time="64.893" errors="0" timestamp="2022-11-05T18:18:52 IST" skipped="0">
  <testcase classname="com.new_Xuriti_project.TC_07_G_Nbfc_add" name="Launch_Xuriti" time="5.681"/>
  <system-out/>
  <testcase classname="com.new_Xuriti_project.TC_07_G_Nbfc_add" name="Login_Admin" time="7.138"/>
  <system-out/>
  <testcase classname="com.new_Xuriti_project.TC_07_G_Nbfc_add" name="nbfc_add" time="52.074"/>
  <system-out/>
</testsuite> <!-- com.new_Xuriti_project.TC_07_G_Nbfc_add -->
