<?xml version="1.0" encoding="UTF-8"?>
<!-- Generated by org.testng.reporters.JUnitReportReporter -->
<testsuite hostname="techtrail-desktop" failures="0" tests="2" name="com.new_Xuriti_projrct.TC_01_A_SignUP" time="26.130" errors="0" timestamp="2022-10-19T16:00:13 IST" skipped="0">
  <testcase classname="com.new_Xuriti_projrct.TC_01_A_SignUP" name="Launch_Xuriti" time="12.279"/>
  <system-out/>
  <testcase classname="com.new_Xuriti_projrct.TC_01_A_SignUP" name="User_signup" time="13.851"/>
  <system-out/>
</testsuite> <!-- com.new_Xuriti_projrct.TC_01_A_SignUP -->
