<?xml version="1.0" encoding="UTF-8"?>
<!-- Generated by org.testng.reporters.JUnitReportReporter -->
<testsuite hostname="techtrail-desktop" failures="0" tests="3" name="com.new_Xuriti_project.TC_11_K_Buyer_invoice_upload" time="20.298" errors="0" timestamp="2022-11-05T18:18:52 IST" skipped="0">
  <testcase classname="com.new_Xuriti_project.TC_11_K_Buyer_invoice_upload" name="Launch_Xuriti" time="3.612"/>
  <system-out/>
  <testcase classname="com.new_Xuriti_project.TC_11_K_Buyer_invoice_upload" name="User_Login" time="6.344"/>
  <system-out/>
  <testcase classname="com.new_Xuriti_project.TC_11_K_Buyer_invoice_upload" name="Buyer_invoice_upload" time="10.342"/>
  <system-out/>
</testsuite> <!-- com.new_Xuriti_project.TC_11_K_Buyer_invoice_upload -->
