<?xml version="1.0" encoding="UTF-8"?>
<!-- Generated by org.testng.reporters.JUnitReportReporter -->
<testsuite hostname="techtrail-desktop" failures="0" tests="3" name="com.new_Xuriti_project.TC_17_Q_Reports_Transactional_statement" time="21.193" errors="0" timestamp="2022-11-05T18:18:52 IST" skipped="0">
  <testcase classname="com.new_Xuriti_project.TC_17_Q_Reports_Transactional_statement" name="Launch_Xuriti" time="5.620"/>
  <system-out/>
  <testcase classname="com.new_Xuriti_project.TC_17_Q_Reports_Transactional_statement" name="User_Login" time="6.345"/>
  <system-out/>
  <testcase classname="com.new_Xuriti_project.TC_17_Q_Reports_Transactional_statement" name="Reports_Transactional_statement" time="9.228"/>
  <system-out/>
</testsuite> <!-- com.new_Xuriti_project.TC_17_Q_Reports_Transactional_statement -->
