<?xml version="1.0" encoding="UTF-8"?>
<!-- Generated by org.testng.reporters.JUnitReportReporter -->
<testsuite hostname="techtrail-desktop" failures="0" tests="3" name="com.new_Xuriti_project.TC_07_H_Nbfc_mapping" time="31.877" errors="0" timestamp="2022-10-21T17:17:59 IST" skipped="0">
  <testcase classname="com.new_Xuriti_project.TC_07_H_Nbfc_mapping" name="nbfc_map" time="19.873"/>
  <system-out/>
  <testcase classname="com.new_Xuriti_project.TC_07_H_Nbfc_mapping" name="Launch_Xuriti" time="5.252"/>
  <system-out/>
  <testcase classname="com.new_Xuriti_project.TC_07_H_Nbfc_mapping" name="Login_Admin" time="6.752"/>
  <system-out/>
</testsuite> <!-- com.new_Xuriti_project.TC_07_H_Nbfc_mapping -->
