<?xml version="1.0" encoding="UTF-8"?>
<!-- Generated by org.testng.reporters.JUnitReportReporter -->
<testsuite hostname="techtrail-desktop" failures="0" tests="3" name="com.new_Xuriti_projrct.Positive_Test_Scripts_User_panel" time="31.892" errors="0" timestamp="2022-10-19T14:12:45 IST" skipped="0">
  <testcase classname="com.new_Xuriti_projrct.Positive_Test_Scripts_User_panel" name="LaunchUser" time="8.849"/>
  <system-out/>
  <testcase classname="com.new_Xuriti_projrct.Positive_Test_Scripts_User_panel" name="Sign_UP" time="12.587"/>
  <system-out/>
  <testcase classname="com.new_Xuriti_projrct.Positive_Test_Scripts_User_panel" name="Login" time="10.456"/>
  <system-out/>
</testsuite> <!-- com.new_Xuriti_projrct.Positive_Test_Scripts_User_panel -->
