<?xml version="1.0" encoding="UTF-8"?>
<!-- Generated by org.testng.reporters.JUnitReportReporter -->
<testsuite hostname="techtrail-desktop" failures="0" tests="2" name="com.new_Xuriti_project.TC_01_A_SignUP" time="24.994" errors="0" timestamp="2022-11-05T18:18:52 IST" skipped="0">
  <testcase classname="com.new_Xuriti_project.TC_01_A_SignUP" name="Launch_Xuriti" time="11.162"/>
  <system-out/>
  <testcase classname="com.new_Xuriti_project.TC_01_A_SignUP" name="User_signup" time="13.832"/>
  <system-out/>
</testsuite> <!-- com.new_Xuriti_project.TC_01_A_SignUP -->
