<?xml version="1.0" encoding="UTF-8"?>
<!-- Generated by org.testng.reporters.JUnitReportReporter -->
<testsuite hostname="techtrail-desktop" failures="0" tests="2" name="com.new_Xuriti_project.TC_02_B_Login" time="10.734" errors="0" timestamp="2022-11-05T18:18:52 IST" skipped="0">
  <testcase classname="com.new_Xuriti_project.TC_02_B_Login" name="User_Login" time="6.357"/>
  <system-out/>
  <testcase classname="com.new_Xuriti_project.TC_02_B_Login" name="Launch_Xuriti" time="4.377"/>
  <system-out/>
</testsuite> <!-- com.new_Xuriti_project.TC_02_B_Login -->
