<?xml version="1.0" encoding="UTF-8"?>
<!-- Generated by org.testng.reporters.JUnitReportReporter -->
<testsuite hostname="techtrail-desktop" failures="0" tests="3" name="com.new_Xuriti_project.TC_18_R_KYC_upload" time="34.634" errors="0" timestamp="2022-11-03T18:08:44 IST" skipped="0">
  <testcase classname="com.new_Xuriti_project.TC_18_R_KYC_upload" name="Launch_Xuriti" time="13.341"/>
  <system-out/>
  <testcase classname="com.new_Xuriti_project.TC_18_R_KYC_upload" name="User_Login" time="6.606"/>
  <system-out/>
  <testcase classname="com.new_Xuriti_project.TC_18_R_KYC_upload" name="KYC_upload" time="14.687"/>
  <system-out/>
</testsuite> <!-- com.new_Xuriti_project.TC_18_R_KYC_upload -->
