<?xml version="1.0" encoding="UTF-8"?>
<!-- Generated by org.testng.reporters.JUnitReportReporter -->
<testsuite hostname="techtrail-desktop" failures="0" tests="3" name="com.new_Xuriti_project.TC_17_Q_Reports_Transactional_statement" time="27.956" errors="0" timestamp="2022-11-03T18:08:45 IST" skipped="0">
  <testcase classname="com.new_Xuriti_project.TC_17_Q_Reports_Transactional_statement" name="Launch_Xuriti" time="12.203"/>
  <system-out/>
  <testcase classname="com.new_Xuriti_project.TC_17_Q_Reports_Transactional_statement" name="User_Login" time="6.418"/>
  <system-out/>
  <testcase classname="com.new_Xuriti_project.TC_17_Q_Reports_Transactional_statement" name="Reports_Transactional_statement" time="9.335"/>
  <system-out/>
</testsuite> <!-- com.new_Xuriti_project.TC_17_Q_Reports_Transactional_statement -->
