<?xml version="1.0" encoding="UTF-8"?>
<!-- Generated by org.testng.reporters.JUnitReportReporter -->
<testsuite hostname="techtrail-desktop" failures="0" tests="3" name="com.new_Xuriti_projrct.TC_05_E_Credit_plan_add" time="21.631" errors="0" timestamp="2022-10-19T17:32:46 IST" skipped="0">
  <testcase classname="com.new_Xuriti_projrct.TC_05_E_Credit_plan_add" name="LaunchAdmin" time="6.765"/>
  <system-out/>
  <testcase classname="com.new_Xuriti_projrct.TC_05_E_Credit_plan_add" name="Login_Admin" time="6.625"/>
  <system-out/>
  <testcase classname="com.new_Xuriti_projrct.TC_05_E_Credit_plan_add" name="add_credit_plan" time="8.241"/>
  <system-out/>
</testsuite> <!-- com.new_Xuriti_projrct.TC_05_E_Credit_plan_add -->
