<?xml version="1.0" encoding="UTF-8"?>
<!-- Generated by org.testng.reporters.JUnitReportReporter -->
<testsuite hostname="techtrail-desktop" failures="0" tests="3" name="com.new_Xuriti_project.TC_11_K_Buyer_invoice_upload" time="30.120" errors="0" timestamp="2022-11-03T18:08:44 IST" skipped="0">
  <testcase classname="com.new_Xuriti_project.TC_11_K_Buyer_invoice_upload" name="Launch_Xuriti" time="11.100"/>
  <system-out/>
  <testcase classname="com.new_Xuriti_project.TC_11_K_Buyer_invoice_upload" name="User_Login" time="6.264"/>
  <system-out/>
  <testcase classname="com.new_Xuriti_project.TC_11_K_Buyer_invoice_upload" name="Buyer_invoice_upload" time="12.756"/>
  <system-out/>
</testsuite> <!-- com.new_Xuriti_project.TC_11_K_Buyer_invoice_upload -->
