<?xml version="1.0" encoding="UTF-8"?>
<!-- Generated by org.testng.reporters.JUnitReportReporter -->
<testsuite hostname="techtrail-desktop" failures="0" tests="3" name="com.new_Xuriti_project.TC_07_G_Nbfc_add" time="69.328" errors="0" timestamp="2022-11-03T18:08:44 IST" skipped="0">
  <testcase classname="com.new_Xuriti_project.TC_07_G_Nbfc_add" name="Launch_Xuriti" time="10.536"/>
  <system-out/>
  <testcase classname="com.new_Xuriti_project.TC_07_G_Nbfc_add" name="Login_Admin" time="6.594"/>
  <system-out/>
  <testcase classname="com.new_Xuriti_project.TC_07_G_Nbfc_add" name="nbfc_add" time="52.198"/>
  <system-out/>
</testsuite> <!-- com.new_Xuriti_project.TC_07_G_Nbfc_add -->
