<?xml version="1.0" encoding="UTF-8"?>
<!-- Generated by org.testng.reporters.JUnitReportReporter -->
<testsuite hostname="techtrail-desktop" failures="0" tests="3" name="com.new_Xuriti_projrct.TC_04_D_entity_approve" time="39.009" errors="0" timestamp="2022-10-19T17:20:16 IST" skipped="0">
  <testcase classname="com.new_Xuriti_projrct.TC_04_D_entity_approve" name="LaunchAdmin" time="3.586"/>
  <system-out/>
  <testcase classname="com.new_Xuriti_projrct.TC_04_D_entity_approve" name="Login_Admin" time="6.526"/>
  <system-out/>
  <testcase classname="com.new_Xuriti_projrct.TC_04_D_entity_approve" name="Company_status_approve" time="28.897"/>
  <system-out/>
</testsuite> <!-- com.new_Xuriti_projrct.TC_04_D_entity_approve -->
