<?xml version="1.0" encoding="UTF-8"?>
<!-- Generated by org.testng.reporters.JUnitReportReporter -->
<testsuite hostname="techtrail-desktop" failures="0" tests="3" name="com.new_Xuriti_project.TC_09_J_credit_limit_approve" time="19.682" errors="0" timestamp="2022-10-21T17:41:10 IST" skipped="0">
  <testcase classname="com.new_Xuriti_project.TC_09_J_credit_limit_approve" name="LaunchAdmin" time="6.454"/>
  <system-out/>
  <testcase classname="com.new_Xuriti_project.TC_09_J_credit_limit_approve" name="Login_Admin" time="6.846"/>
  <system-out/>
  <testcase classname="com.new_Xuriti_project.TC_09_J_credit_limit_approve" name="Company_status_approve" time="6.382"/>
  <system-out/>
</testsuite> <!-- com.new_Xuriti_project.TC_09_J_credit_limit_approve -->
