<?xml version="1.0" encoding="UTF-8"?>
<!-- Generated by org.testng.reporters.JUnitReportReporter -->
<testsuite hostname="techtrail-desktop" failures="0" tests="2" name="com.new_Xuriti_projrct.TC_02_B_Login" time="18.355" errors="0" timestamp="2022-10-19T16:17:30 IST" skipped="0">
  <testcase classname="com.new_Xuriti_projrct.TC_02_B_Login" name="Launch_Xuriti" time="12.041"/>
  <system-out/>
  <testcase classname="com.new_Xuriti_projrct.TC_02_B_Login" name="User_Login" time="6.314"/>
  <system-out/>
</testsuite> <!-- com.new_Xuriti_projrct.TC_02_B_Login -->
