<?xml version="1.0" encoding="UTF-8"?>
<!-- Generated by org.testng.reporters.JUnitReportReporter -->
<testsuite hostname="techtrail-desktop" failures="0" tests="3" name="com.new_Xuriti_project.TC_10_J_credit_limit_approve" time="27.146" errors="0" timestamp="2022-11-03T18:08:45 IST" skipped="0">
  <testcase classname="com.new_Xuriti_project.TC_10_J_credit_limit_approve" name="LaunchAdmin" time="10.111"/>
  <system-out/>
  <testcase classname="com.new_Xuriti_project.TC_10_J_credit_limit_approve" name="Login_Admin" time="6.468"/>
  <system-out/>
  <testcase classname="com.new_Xuriti_project.TC_10_J_credit_limit_approve" name="Credit_limit_approve" time="10.567"/>
  <system-out/>
</testsuite> <!-- com.new_Xuriti_project.TC_10_J_credit_limit_approve -->
