<?xml version="1.0" encoding="UTF-8"?>
<!-- Generated by org.testng.reporters.JUnitReportReporter -->
<testsuite hostname="techtrail-desktop" failures="0" tests="2" name="com.new_Xuriti_projrct.TC_01_User_signup" time="18.556" errors="0" timestamp="2022-10-19T12:44:45 IST" skipped="0">
  <testcase classname="com.new_Xuriti_projrct.TC_01_User_signup" name="User_signup" time="13.592"/>
  <system-out/>
  <testcase classname="com.new_Xuriti_projrct.TC_01_User_signup" name="Launch_Xuriti" time="4.964"/>
  <system-out/>
</testsuite> <!-- com.new_Xuriti_projrct.TC_01_User_signup -->
