<?xml version="1.0" encoding="UTF-8"?>
<!-- Generated by org.testng.reporters.JUnitReportReporter -->
<testsuite hostname="techtrail-desktop" failures="0" tests="3" name="com.new_Xuriti_project.TC_14_N_Full_payment" time="48.851" errors="0" timestamp="2022-11-05T18:18:52 IST" skipped="0">
  <testcase classname="com.new_Xuriti_project.TC_14_N_Full_payment" name="Launch_Xuriti" time="7.026"/>
  <system-out/>
  <testcase classname="com.new_Xuriti_project.TC_14_N_Full_payment" name="User_Login" time="6.341"/>
  <system-out/>
  <testcase classname="com.new_Xuriti_project.TC_14_N_Full_payment" name="Buyer_full_payment" time="35.484"/>
  <system-out/>
</testsuite> <!-- com.new_Xuriti_project.TC_14_N_Full_payment -->
