<?xml version="1.0" encoding="UTF-8"?>
<!-- Generated by org.testng.reporters.JUnitReportReporter -->
<testsuite hostname="techtrail-desktop" failures="0" tests="2" name="com.new_Xuriti_project.TC_02_B_Login" time="24.836" errors="0" timestamp="2022-11-03T18:08:44 IST" skipped="0">
  <testcase classname="com.new_Xuriti_project.TC_02_B_Login" name="User_Login" time="7.024"/>
  <system-out/>
  <testcase classname="com.new_Xuriti_project.TC_02_B_Login" name="Launch_Xuriti" time="17.812"/>
  <system-out/>
</testsuite> <!-- com.new_Xuriti_project.TC_02_B_Login -->
