<?xml version="1.0" encoding="UTF-8"?>
<!-- Generated by org.testng.reporters.JUnitReportReporter -->
<testsuite hostname="techtrail-HP-ProBook-640-G2" failures="0" tests="2" name="com.new_Xuriti_project.TC_01_A_SignUP" time="17.557" errors="0" timestamp="2022-11-05T15:36:07 IST" skipped="0">
  <testcase classname="com.new_Xuriti_project.TC_01_A_SignUP" name="Launch_Xuriti" time="3.795"/>
  <system-out/>
  <testcase classname="com.new_Xuriti_project.TC_01_A_SignUP" name="User_signup" time="13.762"/>
  <system-out/>
</testsuite> <!-- com.new_Xuriti_project.TC_01_A_SignUP -->
