<?xml version="1.0" encoding="UTF-8"?>
<!-- Generated by org.testng.reporters.JUnitReportReporter -->
<testsuite hostname="techtrail-desktop" failures="0" tests="3" name="com.new_Xuriti_projrct.TC_03_C_Company_add" time="23.032" errors="0" timestamp="2022-10-19T16:26:55 IST" skipped="0">
  <testcase classname="com.new_Xuriti_projrct.TC_03_C_Company_add" name="User_Login" time="6.308"/>
  <system-out/>
  <testcase classname="com.new_Xuriti_projrct.TC_03_C_Company_add" name="Launch_Xuriti" time="9.502"/>
  <system-out/>
  <testcase classname="com.new_Xuriti_projrct.TC_03_C_Company_add" name="new_company_create" time="7.222"/>
  <system-out/>
</testsuite> <!-- com.new_Xuriti_projrct.TC_03_C_Company_add -->
